<?xml version="1.0" encoding="UTF-8"?>
<testng-results skipped="0" failed="0" ignored="0" total="1" passed="1">
  <reporter-output>
  </reporter-output>
  <suite name="Default suite" duration-ms="95" started-at="2021-09-22T00:16:16Z" finished-at="2021-09-22T00:16:16Z">
    <groups>
    </groups>
    <test name="Default test" duration-ms="95" started-at="2021-09-22T00:16:16Z" finished-at="2021-09-22T00:16:16Z">
      <class name="org.basicclass.BasicClass">
        <test-method status="PASS" signature="employee()[pri:0, instance:org.basicclass.BasicClass@56f4468b]" name="employee" duration-ms="31" started-at="2021-09-22T00:16:16Z" finished-at="2021-09-22T00:16:16Z">
          <reporter-output>
          </reporter-output>
        </test-method> <!-- employee -->
      </class> <!-- org.basicclass.BasicClass -->
    </test> <!-- Default test -->
  </suite> <!-- Default suite -->
</testng-results>
